0 info it worked if it ends with ok
1 verbose cli [ '/usr/local/bin/node',
1 verbose cli   '/usr/local/bin/npm',
1 verbose cli   'install',
1 verbose cli   '--save',
1 verbose cli   'express-partials@0.3.0' ]
2 info using npm@2.7.4
3 info using node@v0.12.2
4 silly cache add args [ 'express-partials@0.3.0', null ]
5 verbose cache add spec express-partials@0.3.0
6 silly cache add parsed spec { raw: 'express-partials@0.3.0',
6 silly cache add   scope: null,
6 silly cache add   name: 'express-partials',
6 silly cache add   rawSpec: '0.3.0',
6 silly cache add   spec: '0.3.0',
6 silly cache add   type: 'version' }
7 verbose addNamed express-partials@0.3.0
8 silly addNamed semver.valid 0.3.0
9 silly addNamed semver.validRange 0.3.0
10 silly mapToRegistry name express-partials
11 silly mapToRegistry using default registry
12 silly mapToRegistry registry https://registry.npmjs.org/
13 silly mapToRegistry uri https://registry.npmjs.org/express-partials
14 verbose addNameVersion registry:https://registry.npmjs.org/express-partials not in flight; fetching
15 verbose request uri https://registry.npmjs.org/express-partials
16 verbose request no auth needed
17 info attempt registry request try #1 at 20:22:52
18 verbose request id 11a4c9f531dc6379
19 verbose etag "80VJNZTLZSMAY89I4WATBDVJS"
20 http request GET https://registry.npmjs.org/express-partials
21 http 304 https://registry.npmjs.org/express-partials
22 silly get cb [ 304,
22 silly get   { date: 'Thu, 30 Apr 2015 18:22:52 GMT',
22 silly get     via: '1.1 varnish',
22 silly get     'last-modified': 'Thu, 30 Apr 2015 18:22:53 GMT',
22 silly get     'cache-control': 'max-age=60',
22 silly get     etag: '"80VJNZTLZSMAY89I4WATBDVJS"',
22 silly get     age: '0',
22 silly get     connection: 'keep-alive',
22 silly get     'x-served-by': 'cache-lhr6333-LHR',
22 silly get     'x-cache': 'MISS',
22 silly get     'x-cache-hits': '0',
22 silly get     'x-timer': 'S1430418172.941632,VS0,VE98',
22 silly get     vary: 'Accept' } ]
23 verbose etag https://registry.npmjs.org/express-partials from cache
24 verbose get saving express-partials to /home/hg2012/.npm/registry.npmjs.org/express-partials/.cache.json
25 silly cache afterAdd express-partials@0.3.0
26 verbose afterAdd /home/hg2012/.npm/express-partials/0.3.0/package/package.json not in flight; writing
27 verbose afterAdd /home/hg2012/.npm/express-partials/0.3.0/package/package.json written
28 silly install resolved [ { author:
28 silly install resolved      { name: 'Robert Sköld',
28 silly install resolved        email: 'robert@publicclass.se',
28 silly install resolved        url: 'http://publicclass.se' },
28 silly install resolved     name: 'express-partials',
28 silly install resolved     description: 'Express 3.x Layout & Partial support.',
28 silly install resolved     version: '0.3.0',
28 silly install resolved     repository: { url: 'https://github.com/publicclass/express-partials' },
28 silly install resolved     engines: { node: '*' },
28 silly install resolved     dependencies: {},
28 silly install resolved     devDependencies:
28 silly install resolved      { express: '3.0.0',
28 silly install resolved        methods: '*',
28 silly install resolved        mocha: '*',
28 silly install resolved        supertest: '0.4.0',
28 silly install resolved        ejs: '*',
28 silly install resolved        hamljs: '*',
28 silly install resolved        jade: '*',
28 silly install resolved        eco: '*',
28 silly install resolved        coffeecup: '*',
28 silly install resolved        consolidate: '*' },
28 silly install resolved     scripts: { test: 'mocha' },
28 silly install resolved     gitHead: '7051681ec6135380260debf09b3e7a45ea5e35e6',
28 silly install resolved     bugs: { url: 'https://github.com/publicclass/express-partials/issues' },
28 silly install resolved     homepage: 'https://github.com/publicclass/express-partials',
28 silly install resolved     _id: 'express-partials@0.3.0',
28 silly install resolved     _shasum: '88b9c40164afd9a55278629b2948e6ace7bff45f',
28 silly install resolved     _from: 'express-partials@0.3.0',
28 silly install resolved     _npmVersion: '1.4.14',
28 silly install resolved     _npmUser: { name: 'slaskis', email: 'robert@publicclass.se' },
28 silly install resolved     maintainers: [ [Object] ],
28 silly install resolved     dist:
28 silly install resolved      { shasum: '88b9c40164afd9a55278629b2948e6ace7bff45f',
28 silly install resolved        tarball: 'http://registry.npmjs.org/express-partials/-/express-partials-0.3.0.tgz' },
28 silly install resolved     directories: {},
28 silly install resolved     _resolved: 'https://registry.npmjs.org/express-partials/-/express-partials-0.3.0.tgz',
28 silly install resolved     readme: 'ERROR: No README data found!' } ]
29 info install express-partials@0.3.0 into /home/hg2012/sw/node/node-v0.12.2/app/quiz
30 info installOne express-partials@0.3.0
31 verbose installOne of express-partials to /home/hg2012/sw/node/node-v0.12.2/app/quiz not in flight; installing
32 warn locking Error: EACCES, open '/home/hg2012/.npm/_locks/express-partials-01051043f92fa91e.lock'
32 warn locking     at Error (native)
32 warn locking  /home/hg2012/.npm/_locks/express-partials-01051043f92fa91e.lock failed { [Error: EACCES, open '/home/hg2012/.npm/_locks/express-partials-01051043f92fa91e.lock']
32 warn locking   errno: -13,
32 warn locking   code: 'EACCES',
32 warn locking   path: '/home/hg2012/.npm/_locks/express-partials-01051043f92fa91e.lock' }
33 verbose stack Error: Attempt to unlock /home/hg2012/sw/node/node-v0.12.2/app/quiz/node_modules/express-partials, which hasn't been locked
33 verbose stack     at unlock (/usr/local/lib/node_modules/npm/lib/utils/locker.js:66:11)
33 verbose stack     at cb (/usr/local/lib/node_modules/npm/lib/install.js:1004:5)
33 verbose stack     at /usr/local/lib/node_modules/npm/lib/install.js:1008:20
33 verbose stack     at /usr/local/lib/node_modules/npm/lib/utils/locker.js:40:9
33 verbose stack     at cb (/usr/local/lib/node_modules/npm/node_modules/lockfile/lockfile.js:149:38)
33 verbose stack     at /usr/local/lib/node_modules/npm/node_modules/lockfile/lockfile.js:177:38
33 verbose stack     at FSReqWrap.oncomplete (fs.js:95:15)
34 verbose cwd /home/hg2012/sw/node/node-v0.12.2/app/quiz
35 error Linux 3.13.0-49-generic
36 error argv "/usr/local/bin/node" "/usr/local/bin/npm" "install" "--save" "express-partials@0.3.0"
37 error node v0.12.2
38 error npm  v2.7.4
39 error Attempt to unlock /home/hg2012/sw/node/node-v0.12.2/app/quiz/node_modules/express-partials, which hasn't been locked
40 error If you need help, you may report this error at:
40 error     <https://github.com/npm/npm/issues>
41 verbose exit [ 1, true ]
